[INFO ] 2026-03-25 21:05:50.991 [main] ClassName - url opened
[INFO ] 2026-03-25 21:05:51.029 [main] ClassName - login operation test start
[INFO ] 2026-03-25 21:05:54.322 [main] ClassName - closed browser
[INFO ] 2026-03-25 21:06:00.206 [main] ClassName - url opened
[INFO ] 2026-03-25 21:06:00.209 [main] ClassName - check Diff way Enter Password login  Operantion
[INFO ] 2026-03-25 21:06:19.720 [main] ClassName - closed browser
[INFO ] 2026-03-25 21:06:44.114 [main] ClassName - url opened
[INFO ] 2026-03-25 21:06:45.127 [main] ClassName - login Sucessfull
[INFO ] 2026-03-25 21:06:51.144 [main] ClassName - clickedPIM
[INFO ] 2026-03-25 21:06:57.361 [main] ClassName - clickAddEmployee
[INFO ] 2026-03-25 21:07:15.617 [main] ClassName - clickAddEmployee
[INFO ] 2026-03-25 21:07:34.944 [main] ClassName - clickAddEmployee
[INFO ] 2026-03-25 21:07:52.305 [main] ClassName - clickAddEmployee
[INFO ] 2026-03-25 21:08:17.202 [main] ClassName - closed browser
[INFO ] 2026-03-25 21:08:45.135 [main] ClassName - url opened
[INFO ] 2026-03-25 21:08:46.990 [main] ClassName - login Sucessfull
[INFO ] 2026-03-25 21:08:55.014 [main] ClassName - clickedPIM
[INFO ] 2026-03-25 21:09:20.239 [main] ClassName - closed browser
[INFO ] 2026-03-25 21:09:35.280 [main] ClassName - url opened
[INFO ] 2026-03-25 21:11:23.339 [main] ClassName - closed browser
